<?xml version="1.0" encoding="UTF-8"?>
<!-- Generated by org.testng.reporters.JUnitReportReporter -->
<testsuite skipped="0" hostname="ROCKET" name="com.selenium.demo.selenium.demo.practice.Demo1" tests="1" failures="0" timestamp="17 May 2020 08:56:23 GMT" time="9.540" errors="0">
  <testcase name="demoM" time="9.540" classname="com.selenium.demo.selenium.demo.practice.Demo1"/>
</testsuite> <!-- com.selenium.demo.selenium.demo.practice.Demo1 -->
